Ich horche mal auf Port 8080...
15 03 2024
(INFO) versuche die alten Aufzeichenungen zu Laden
-----------------------------------------
(DEV) Hier ist nun das geladene aus der bisherigen Liste:
Uhrzeit: 07:07:03
Kunde: bla bdaskd
Problem: kadlmölajdlö
Info: kkk
Telefonnummer: 98087654
Weiterleitung an: An Holger Beese weitergeleitet.
==================================
Uhrzeit: 07:07:19
Kunde: s
Problem: -
Info: -
Telefonnummer: -
Weiterleitung an: An Mike Bosse weitergeleitet.
==================================
Uhrzeit: 07:11:28
Kunde: dings
Problem: -
Info: -
Telefonnummer: -
Weiterleitung: An Holger Beese weitergeleitet.
==================================
Uhrzeit: 07:15:26
Kunde: sdsd
Problem: -
Info: -
Telefonnummer: sdsdsdsdsdsds
Weiterleitung: Keine Weiterleitung
==================================
Uhrzeit: 07:18:38
Kunde: DIngs, Bums, DIngs
Problem: -
Info: -
Telefonnummer: -
Weiterleitung: Keine Weiterleitung
==================================
Uhrzeit: 07:20:30
Kunde: sahdfoiasdhflsadfjsalödf
Problem: -
Info: -
Telefonnummer: -
Weiterleitung: Keine Weiterleitung
==================================
Uhrzeit: 07:20:36
Kunde: kjhg
Problem: ghkjg
Info: kjg
Telefonnummer: kkj
Weiterleitung: Keine Weiterleitung
==================================

(DEV) Das War das geladene aus der bisherigen Liste.
-----------------------------------------
Thread gestartet: Uhr(def)
Thread gestartet: Kunde_ruft_an (def)
Als CSV speichern
Als CSV speichern, im Standard Ort
Als CSV speichern
['Uhrzeit: 07:07:03', 'Kunde: bla bdaskd', 'Problem: kadlmölajdlö', 'Info: kkk', 'Telefonnummer: 98087654', 'Weiterleitung an: An Holger Beese weitergeleitet.', '==================================', 'Uhrzeit: 07:07:19', 'Kunde: s', 'Problem: -', 'Info: -', 'Telefonnummer: -', 'Weiterleitung an: An Mike Bosse weitergeleitet.', '==================================', 'Uhrzeit: 07:11:28', 'Kunde: dings', 'Problem: -', 'Info: -', 'Telefonnummer: -', 'Weiterleitung: An Holger Beese weitergeleitet.', '==================================', 'Uhrzeit: 07:15:26', 'Kunde: sdsd', 'Problem: -', 'Info: -', 'Telefonnummer: sdsdsdsdsdsds', 'Weiterleitung: Keine Weiterleitung', '==================================', 'Uhrzeit: 07:18:38', 'Kunde: DIngs, Bums, DIngs', 'Problem: -', 'Info: -', 'Telefonnummer: -', 'Weiterleitung: Keine Weiterleitung', '==================================', 'Uhrzeit: 07:20:30', 'Kunde: sahdfoiasdhflsadfjsalödf', 'Problem: -', 'Info: -', 'Telefonnummer: -', 'Weiterleitung: Keine Weiterleitung', '==================================', 'Uhrzeit: 07:20:36', 'Kunde: kjhg', 'Problem: ghkjg', 'Info: kjg', 'Telefonnummer: kkj', 'Weiterleitung: Keine Weiterleitung', '==================================']
=
Uhrzeit: 07:07:03
['Uhrzeit: 07:07:03', 'Kunde: bla bdaskd', 'Problem: kadlmölajdlö', 'Info: kkk', 'Telefonnummer: 98087654', 'Weiterleitung an: An Holger Beese weitergeleitet.', '==================================', 'Uhrzeit: 07:07:19', 'Kunde: s', 'Problem: -', 'Info: -', 'Telefonnummer: -', 'Weiterleitung an: An Mike Bosse weitergeleitet.', '==================================', 'Uhrzeit: 07:11:28', 'Kunde: dings', 'Problem: -', 'Info: -', 'Telefonnummer: -', 'Weiterleitung: An Holger Beese weitergeleitet.', '==================================', 'Uhrzeit: 07:15:26', 'Kunde: sdsd', 'Problem: -', 'Info: -', 'Telefonnummer: sdsdsdsdsdsds', 'Weiterleitung: Keine Weiterleitung', '==================================', 'Uhrzeit: 07:18:38', 'Kunde: DIngs, Bums, DIngs', 'Problem: -', 'Info: -', 'Telefonnummer: -', 'Weiterleitung: Keine Weiterleitung', '==================================', 'Uhrzeit: 07:20:30', 'Kunde: sahdfoiasdhflsadfjsalödf', 'Problem: -', 'Info: -', 'Telefonnummer: -', 'Weiterleitung: Keine Weiterleitung', '==================================', 'Uhrzeit: 07:20:36', 'Kunde: kjhg', 'Problem: ghkjg', 'Info: kjg', 'Telefonnummer: kkj', 'Weiterleitung: Keine Weiterleitung', '==================================']
=
Kunde: bla bdaskd
['Uhrzeit: 07:07:03', 'Kunde: bla bdaskd', 'Problem: kadlmölajdlö', 'Info: kkk', 'Telefonnummer: 98087654', 'Weiterleitung an: An Holger Beese weitergeleitet.', '==================================', 'Uhrzeit: 07:07:19', 'Kunde: s', 'Problem: -', 'Info: -', 'Telefonnummer: -', 'Weiterleitung an: An Mike Bosse weitergeleitet.', '==================================', 'Uhrzeit: 07:11:28', 'Kunde: dings', 'Problem: -', 'Info: -', 'Telefonnummer: -', 'Weiterleitung: An Holger Beese weitergeleitet.', '==================================', 'Uhrzeit: 07:15:26', 'Kunde: sdsd', 'Problem: -', 'Info: -', 'Telefonnummer: sdsdsdsdsdsds', 'Weiterleitung: Keine Weiterleitung', '==================================', 'Uhrzeit: 07:18:38', 'Kunde: DIngs, Bums, DIngs', 'Problem: -', 'Info: -', 'Telefonnummer: -', 'Weiterleitung: Keine Weiterleitung', '==================================', 'Uhrzeit: 07:20:30', 'Kunde: sahdfoiasdhflsadfjsalödf', 'Problem: -', 'Info: -', 'Telefonnummer: -', 'Weiterleitung: Keine Weiterleitung', '==================================', 'Uhrzeit: 07:20:36', 'Kunde: kjhg', 'Problem: ghkjg', 'Info: kjg', 'Telefonnummer: kkj', 'Weiterleitung: Keine Weiterleitung', '==================================']
=
Problem: kadlmölajdlö
['Uhrzeit: 07:07:03', 'Kunde: bla bdaskd', 'Problem: kadlmölajdlö', 'Info: kkk', 'Telefonnummer: 98087654', 'Weiterleitung an: An Holger Beese weitergeleitet.', '==================================', 'Uhrzeit: 07:07:19', 'Kunde: s', 'Problem: -', 'Info: -', 'Telefonnummer: -', 'Weiterleitung an: An Mike Bosse weitergeleitet.', '==================================', 'Uhrzeit: 07:11:28', 'Kunde: dings', 'Problem: -', 'Info: -', 'Telefonnummer: -', 'Weiterleitung: An Holger Beese weitergeleitet.', '==================================', 'Uhrzeit: 07:15:26', 'Kunde: sdsd', 'Problem: -', 'Info: -', 'Telefonnummer: sdsdsdsdsdsds', 'Weiterleitung: Keine Weiterleitung', '==================================', 'Uhrzeit: 07:18:38', 'Kunde: DIngs, Bums, DIngs', 'Problem: -', 'Info: -', 'Telefonnummer: -', 'Weiterleitung: Keine Weiterleitung', '==================================', 'Uhrzeit: 07:20:30', 'Kunde: sahdfoiasdhflsadfjsalödf', 'Problem: -', 'Info: -', 'Telefonnummer: -', 'Weiterleitung: Keine Weiterleitung', '==================================', 'Uhrzeit: 07:20:36', 'Kunde: kjhg', 'Problem: ghkjg', 'Info: kjg', 'Telefonnummer: kkj', 'Weiterleitung: Keine Weiterleitung', '==================================']
=
Info: kkk
['Uhrzeit: 07:07:03', 'Kunde: bla bdaskd', 'Problem: kadlmölajdlö', 'Info: kkk', 'Telefonnummer: 98087654', 'Weiterleitung an: An Holger Beese weitergeleitet.', '==================================', 'Uhrzeit: 07:07:19', 'Kunde: s', 'Problem: -', 'Info: -', 'Telefonnummer: -', 'Weiterleitung an: An Mike Bosse weitergeleitet.', '==================================', 'Uhrzeit: 07:11:28', 'Kunde: dings', 'Problem: -', 'Info: -', 'Telefonnummer: -', 'Weiterleitung: An Holger Beese weitergeleitet.', '==================================', 'Uhrzeit: 07:15:26', 'Kunde: sdsd', 'Problem: -', 'Info: -', 'Telefonnummer: sdsdsdsdsdsds', 'Weiterleitung: Keine Weiterleitung', '==================================', 'Uhrzeit: 07:18:38', 'Kunde: DIngs, Bums, DIngs', 'Problem: -', 'Info: -', 'Telefonnummer: -', 'Weiterleitung: Keine Weiterleitung', '==================================', 'Uhrzeit: 07:20:30', 'Kunde: sahdfoiasdhflsadfjsalödf', 'Problem: -', 'Info: -', 'Telefonnummer: -', 'Weiterleitung: Keine Weiterleitung', '==================================', 'Uhrzeit: 07:20:36', 'Kunde: kjhg', 'Problem: ghkjg', 'Info: kjg', 'Telefonnummer: kkj', 'Weiterleitung: Keine Weiterleitung', '==================================']
=
Telefonnummer: 98087654
['Uhrzeit: 07:07:03', 'Kunde: bla bdaskd', 'Problem: kadlmölajdlö', 'Info: kkk', 'Telefonnummer: 98087654', 'Weiterleitung an: An Holger Beese weitergeleitet.', '==================================', 'Uhrzeit: 07:07:19', 'Kunde: s', 'Problem: -', 'Info: -', 'Telefonnummer: -', 'Weiterleitung an: An Mike Bosse weitergeleitet.', '==================================', 'Uhrzeit: 07:11:28', 'Kunde: dings', 'Problem: -', 'Info: -', 'Telefonnummer: -', 'Weiterleitung: An Holger Beese weitergeleitet.', '==================================', 'Uhrzeit: 07:15:26', 'Kunde: sdsd', 'Problem: -', 'Info: -', 'Telefonnummer: sdsdsdsdsdsds', 'Weiterleitung: Keine Weiterleitung', '==================================', 'Uhrzeit: 07:18:38', 'Kunde: DIngs, Bums, DIngs', 'Problem: -', 'Info: -', 'Telefonnummer: -', 'Weiterleitung: Keine Weiterleitung', '==================================', 'Uhrzeit: 07:20:30', 'Kunde: sahdfoiasdhflsadfjsalödf', 'Problem: -', 'Info: -', 'Telefonnummer: -', 'Weiterleitung: Keine Weiterleitung', '==================================', 'Uhrzeit: 07:20:36', 'Kunde: kjhg', 'Problem: ghkjg', 'Info: kjg', 'Telefonnummer: kkj', 'Weiterleitung: Keine Weiterleitung', '==================================']
=
Weiterleitung an: An Holger Beese weitergeleitet.
['Uhrzeit: 07:07:03', 'Kunde: bla bdaskd', 'Problem: kadlmölajdlö', 'Info: kkk', 'Telefonnummer: 98087654', 'Weiterleitung an: An Holger Beese weitergeleitet.', '==================================', 'Uhrzeit: 07:07:19', 'Kunde: s', 'Problem: -', 'Info: -', 'Telefonnummer: -', 'Weiterleitung an: An Mike Bosse weitergeleitet.', '==================================', 'Uhrzeit: 07:11:28', 'Kunde: dings', 'Problem: -', 'Info: -', 'Telefonnummer: -', 'Weiterleitung: An Holger Beese weitergeleitet.', '==================================', 'Uhrzeit: 07:15:26', 'Kunde: sdsd', 'Problem: -', 'Info: -', 'Telefonnummer: sdsdsdsdsdsds', 'Weiterleitung: Keine Weiterleitung', '==================================', 'Uhrzeit: 07:18:38', 'Kunde: DIngs, Bums, DIngs', 'Problem: -', 'Info: -', 'Telefonnummer: -', 'Weiterleitung: Keine Weiterleitung', '==================================', 'Uhrzeit: 07:20:30', 'Kunde: sahdfoiasdhflsadfjsalödf', 'Problem: -', 'Info: -', 'Telefonnummer: -', 'Weiterleitung: Keine Weiterleitung', '==================================', 'Uhrzeit: 07:20:36', 'Kunde: kjhg', 'Problem: ghkjg', 'Info: kjg', 'Telefonnummer: kkj', 'Weiterleitung: Keine Weiterleitung', '==================================']
=
==================================
['Uhrzeit: 07:07:03', 'Kunde: bla bdaskd', 'Problem: kadlmölajdlö', 'Info: kkk', 'Telefonnummer: 98087654', 'Weiterleitung an: An Holger Beese weitergeleitet.', '==================================', 'Uhrzeit: 07:07:19', 'Kunde: s', 'Problem: -', 'Info: -', 'Telefonnummer: -', 'Weiterleitung an: An Mike Bosse weitergeleitet.', '==================================', 'Uhrzeit: 07:11:28', 'Kunde: dings', 'Problem: -', 'Info: -', 'Telefonnummer: -', 'Weiterleitung: An Holger Beese weitergeleitet.', '==================================', 'Uhrzeit: 07:15:26', 'Kunde: sdsd', 'Problem: -', 'Info: -', 'Telefonnummer: sdsdsdsdsdsds', 'Weiterleitung: Keine Weiterleitung', '==================================', 'Uhrzeit: 07:18:38', 'Kunde: DIngs, Bums, DIngs', 'Problem: -', 'Info: -', 'Telefonnummer: -', 'Weiterleitung: Keine Weiterleitung', '==================================', 'Uhrzeit: 07:20:30', 'Kunde: sahdfoiasdhflsadfjsalödf', 'Problem: -', 'Info: -', 'Telefonnummer: -', 'Weiterleitung: Keine Weiterleitung', '==================================', 'Uhrzeit: 07:20:36', 'Kunde: kjhg', 'Problem: ghkjg', 'Info: kjg', 'Telefonnummer: kkj', 'Weiterleitung: Keine Weiterleitung', '==================================']
=
Uhrzeit: 07:07:19
['Uhrzeit: 07:07:03', 'Kunde: bla bdaskd', 'Problem: kadlmölajdlö', 'Info: kkk', 'Telefonnummer: 98087654', 'Weiterleitung an: An Holger Beese weitergeleitet.', '==================================', 'Uhrzeit: 07:07:19', 'Kunde: s', 'Problem: -', 'Info: -', 'Telefonnummer: -', 'Weiterleitung an: An Mike Bosse weitergeleitet.', '==================================', 'Uhrzeit: 07:11:28', 'Kunde: dings', 'Problem: -', 'Info: -', 'Telefonnummer: -', 'Weiterleitung: An Holger Beese weitergeleitet.', '==================================', 'Uhrzeit: 07:15:26', 'Kunde: sdsd', 'Problem: -', 'Info: -', 'Telefonnummer: sdsdsdsdsdsds', 'Weiterleitung: Keine Weiterleitung', '==================================', 'Uhrzeit: 07:18:38', 'Kunde: DIngs, Bums, DIngs', 'Problem: -', 'Info: -', 'Telefonnummer: -', 'Weiterleitung: Keine Weiterleitung', '==================================', 'Uhrzeit: 07:20:30', 'Kunde: sahdfoiasdhflsadfjsalödf', 'Problem: -', 'Info: -', 'Telefonnummer: -', 'Weiterleitung: Keine Weiterleitung', '==================================', 'Uhrzeit: 07:20:36', 'Kunde: kjhg', 'Problem: ghkjg', 'Info: kjg', 'Telefonnummer: kkj', 'Weiterleitung: Keine Weiterleitung', '==================================']
=
Kunde: s
['Uhrzeit: 07:07:03', 'Kunde: bla bdaskd', 'Problem: kadlmölajdlö', 'Info: kkk', 'Telefonnummer: 98087654', 'Weiterleitung an: An Holger Beese weitergeleitet.', '==================================', 'Uhrzeit: 07:07:19', 'Kunde: s', 'Problem: -', 'Info: -', 'Telefonnummer: -', 'Weiterleitung an: An Mike Bosse weitergeleitet.', '==================================', 'Uhrzeit: 07:11:28', 'Kunde: dings', 'Problem: -', 'Info: -', 'Telefonnummer: -', 'Weiterleitung: An Holger Beese weitergeleitet.', '==================================', 'Uhrzeit: 07:15:26', 'Kunde: sdsd', 'Problem: -', 'Info: -', 'Telefonnummer: sdsdsdsdsdsds', 'Weiterleitung: Keine Weiterleitung', '==================================', 'Uhrzeit: 07:18:38', 'Kunde: DIngs, Bums, DIngs', 'Problem: -', 'Info: -', 'Telefonnummer: -', 'Weiterleitung: Keine Weiterleitung', '==================================', 'Uhrzeit: 07:20:30', 'Kunde: sahdfoiasdhflsadfjsalödf', 'Problem: -', 'Info: -', 'Telefonnummer: -', 'Weiterleitung: Keine Weiterleitung', '==================================', 'Uhrzeit: 07:20:36', 'Kunde: kjhg', 'Problem: ghkjg', 'Info: kjg', 'Telefonnummer: kkj', 'Weiterleitung: Keine Weiterleitung', '==================================']
=
Problem: -
['Uhrzeit: 07:07:03', 'Kunde: bla bdaskd', 'Problem: kadlmölajdlö', 'Info: kkk', 'Telefonnummer: 98087654', 'Weiterleitung an: An Holger Beese weitergeleitet.', '==================================', 'Uhrzeit: 07:07:19', 'Kunde: s', 'Problem: -', 'Info: -', 'Telefonnummer: -', 'Weiterleitung an: An Mike Bosse weitergeleitet.', '==================================', 'Uhrzeit: 07:11:28', 'Kunde: dings', 'Problem: -', 'Info: -', 'Telefonnummer: -', 'Weiterleitung: An Holger Beese weitergeleitet.', '==================================', 'Uhrzeit: 07:15:26', 'Kunde: sdsd', 'Problem: -', 'Info: -', 'Telefonnummer: sdsdsdsdsdsds', 'Weiterleitung: Keine Weiterleitung', '==================================', 'Uhrzeit: 07:18:38', 'Kunde: DIngs, Bums, DIngs', 'Problem: -', 'Info: -', 'Telefonnummer: -', 'Weiterleitung: Keine Weiterleitung', '==================================', 'Uhrzeit: 07:20:30', 'Kunde: sahdfoiasdhflsadfjsalödf', 'Problem: -', 'Info: -', 'Telefonnummer: -', 'Weiterleitung: Keine Weiterleitung', '==================================', 'Uhrzeit: 07:20:36', 'Kunde: kjhg', 'Problem: ghkjg', 'Info: kjg', 'Telefonnummer: kkj', 'Weiterleitung: Keine Weiterleitung', '==================================']
=
Info: -
['Uhrzeit: 07:07:03', 'Kunde: bla bdaskd', 'Problem: kadlmölajdlö', 'Info: kkk', 'Telefonnummer: 98087654', 'Weiterleitung an: An Holger Beese weitergeleitet.', '==================================', 'Uhrzeit: 07:07:19', 'Kunde: s', 'Problem: -', 'Info: -', 'Telefonnummer: -', 'Weiterleitung an: An Mike Bosse weitergeleitet.', '==================================', 'Uhrzeit: 07:11:28', 'Kunde: dings', 'Problem: -', 'Info: -', 'Telefonnummer: -', 'Weiterleitung: An Holger Beese weitergeleitet.', '==================================', 'Uhrzeit: 07:15:26', 'Kunde: sdsd', 'Problem: -', 'Info: -', 'Telefonnummer: sdsdsdsdsdsds', 'Weiterleitung: Keine Weiterleitung', '==================================', 'Uhrzeit: 07:18:38', 'Kunde: DIngs, Bums, DIngs', 'Problem: -', 'Info: -', 'Telefonnummer: -', 'Weiterleitung: Keine Weiterleitung', '==================================', 'Uhrzeit: 07:20:30', 'Kunde: sahdfoiasdhflsadfjsalödf', 'Problem: -', 'Info: -', 'Telefonnummer: -', 'Weiterleitung: Keine Weiterleitung', '==================================', 'Uhrzeit: 07:20:36', 'Kunde: kjhg', 'Problem: ghkjg', 'Info: kjg', 'Telefonnummer: kkj', 'Weiterleitung: Keine Weiterleitung', '==================================']
=
Telefonnummer: -
['Uhrzeit: 07:07:03', 'Kunde: bla bdaskd', 'Problem: kadlmölajdlö', 'Info: kkk', 'Telefonnummer: 98087654', 'Weiterleitung an: An Holger Beese weitergeleitet.', '==================================', 'Uhrzeit: 07:07:19', 'Kunde: s', 'Problem: -', 'Info: -', 'Telefonnummer: -', 'Weiterleitung an: An Mike Bosse weitergeleitet.', '==================================', 'Uhrzeit: 07:11:28', 'Kunde: dings', 'Problem: -', 'Info: -', 'Telefonnummer: -', 'Weiterleitung: An Holger Beese weitergeleitet.', '==================================', 'Uhrzeit: 07:15:26', 'Kunde: sdsd', 'Problem: -', 'Info: -', 'Telefonnummer: sdsdsdsdsdsds', 'Weiterleitung: Keine Weiterleitung', '==================================', 'Uhrzeit: 07:18:38', 'Kunde: DIngs, Bums, DIngs', 'Problem: -', 'Info: -', 'Telefonnummer: -', 'Weiterleitung: Keine Weiterleitung', '==================================', 'Uhrzeit: 07:20:30', 'Kunde: sahdfoiasdhflsadfjsalödf', 'Problem: -', 'Info: -', 'Telefonnummer: -', 'Weiterleitung: Keine Weiterleitung', '==================================', 'Uhrzeit: 07:20:36', 'Kunde: kjhg', 'Problem: ghkjg', 'Info: kjg', 'Telefonnummer: kkj', 'Weiterleitung: Keine Weiterleitung', '==================================']
=
Weiterleitung an: An Mike Bosse weitergeleitet.
['Uhrzeit: 07:07:03', 'Kunde: bla bdaskd', 'Problem: kadlmölajdlö', 'Info: kkk', 'Telefonnummer: 98087654', 'Weiterleitung an: An Holger Beese weitergeleitet.', '==================================', 'Uhrzeit: 07:07:19', 'Kunde: s', 'Problem: -', 'Info: -', 'Telefonnummer: -', 'Weiterleitung an: An Mike Bosse weitergeleitet.', '==================================', 'Uhrzeit: 07:11:28', 'Kunde: dings', 'Problem: -', 'Info: -', 'Telefonnummer: -', 'Weiterleitung: An Holger Beese weitergeleitet.', '==================================', 'Uhrzeit: 07:15:26', 'Kunde: sdsd', 'Problem: -', 'Info: -', 'Telefonnummer: sdsdsdsdsdsds', 'Weiterleitung: Keine Weiterleitung', '==================================', 'Uhrzeit: 07:18:38', 'Kunde: DIngs, Bums, DIngs', 'Problem: -', 'Info: -', 'Telefonnummer: -', 'Weiterleitung: Keine Weiterleitung', '==================================', 'Uhrzeit: 07:20:30', 'Kunde: sahdfoiasdhflsadfjsalödf', 'Problem: -', 'Info: -', 'Telefonnummer: -', 'Weiterleitung: Keine Weiterleitung', '==================================', 'Uhrzeit: 07:20:36', 'Kunde: kjhg', 'Problem: ghkjg', 'Info: kjg', 'Telefonnummer: kkj', 'Weiterleitung: Keine Weiterleitung', '==================================']
=
==================================
['Uhrzeit: 07:07:03', 'Kunde: bla bdaskd', 'Problem: kadlmölajdlö', 'Info: kkk', 'Telefonnummer: 98087654', 'Weiterleitung an: An Holger Beese weitergeleitet.', '==================================', 'Uhrzeit: 07:07:19', 'Kunde: s', 'Problem: -', 'Info: -', 'Telefonnummer: -', 'Weiterleitung an: An Mike Bosse weitergeleitet.', '==================================', 'Uhrzeit: 07:11:28', 'Kunde: dings', 'Problem: -', 'Info: -', 'Telefonnummer: -', 'Weiterleitung: An Holger Beese weitergeleitet.', '==================================', 'Uhrzeit: 07:15:26', 'Kunde: sdsd', 'Problem: -', 'Info: -', 'Telefonnummer: sdsdsdsdsdsds', 'Weiterleitung: Keine Weiterleitung', '==================================', 'Uhrzeit: 07:18:38', 'Kunde: DIngs, Bums, DIngs', 'Problem: -', 'Info: -', 'Telefonnummer: -', 'Weiterleitung: Keine Weiterleitung', '==================================', 'Uhrzeit: 07:20:30', 'Kunde: sahdfoiasdhflsadfjsalödf', 'Problem: -', 'Info: -', 'Telefonnummer: -', 'Weiterleitung: Keine Weiterleitung', '==================================', 'Uhrzeit: 07:20:36', 'Kunde: kjhg', 'Problem: ghkjg', 'Info: kjg', 'Telefonnummer: kkj', 'Weiterleitung: Keine Weiterleitung', '==================================']
=
Uhrzeit: 07:11:28
['Uhrzeit: 07:07:03', 'Kunde: bla bdaskd', 'Problem: kadlmölajdlö', 'Info: kkk', 'Telefonnummer: 98087654', 'Weiterleitung an: An Holger Beese weitergeleitet.', '==================================', 'Uhrzeit: 07:07:19', 'Kunde: s', 'Problem: -', 'Info: -', 'Telefonnummer: -', 'Weiterleitung an: An Mike Bosse weitergeleitet.', '==================================', 'Uhrzeit: 07:11:28', 'Kunde: dings', 'Problem: -', 'Info: -', 'Telefonnummer: -', 'Weiterleitung: An Holger Beese weitergeleitet.', '==================================', 'Uhrzeit: 07:15:26', 'Kunde: sdsd', 'Problem: -', 'Info: -', 'Telefonnummer: sdsdsdsdsdsds', 'Weiterleitung: Keine Weiterleitung', '==================================', 'Uhrzeit: 07:18:38', 'Kunde: DIngs, Bums, DIngs', 'Problem: -', 'Info: -', 'Telefonnummer: -', 'Weiterleitung: Keine Weiterleitung', '==================================', 'Uhrzeit: 07:20:30', 'Kunde: sahdfoiasdhflsadfjsalödf', 'Problem: -', 'Info: -', 'Telefonnummer: -', 'Weiterleitung: Keine Weiterleitung', '==================================', 'Uhrzeit: 07:20:36', 'Kunde: kjhg', 'Problem: ghkjg', 'Info: kjg', 'Telefonnummer: kkj', 'Weiterleitung: Keine Weiterleitung', '==================================']
=
Kunde: dings
['Uhrzeit: 07:07:03', 'Kunde: bla bdaskd', 'Problem: kadlmölajdlö', 'Info: kkk', 'Telefonnummer: 98087654', 'Weiterleitung an: An Holger Beese weitergeleitet.', '==================================', 'Uhrzeit: 07:07:19', 'Kunde: s', 'Problem: -', 'Info: -', 'Telefonnummer: -', 'Weiterleitung an: An Mike Bosse weitergeleitet.', '==================================', 'Uhrzeit: 07:11:28', 'Kunde: dings', 'Problem: -', 'Info: -', 'Telefonnummer: -', 'Weiterleitung: An Holger Beese weitergeleitet.', '==================================', 'Uhrzeit: 07:15:26', 'Kunde: sdsd', 'Problem: -', 'Info: -', 'Telefonnummer: sdsdsdsdsdsds', 'Weiterleitung: Keine Weiterleitung', '==================================', 'Uhrzeit: 07:18:38', 'Kunde: DIngs, Bums, DIngs', 'Problem: -', 'Info: -', 'Telefonnummer: -', 'Weiterleitung: Keine Weiterleitung', '==================================', 'Uhrzeit: 07:20:30', 'Kunde: sahdfoiasdhflsadfjsalödf', 'Problem: -', 'Info: -', 'Telefonnummer: -', 'Weiterleitung: Keine Weiterleitung', '==================================', 'Uhrzeit: 07:20:36', 'Kunde: kjhg', 'Problem: ghkjg', 'Info: kjg', 'Telefonnummer: kkj', 'Weiterleitung: Keine Weiterleitung', '==================================']
=
Problem: -
['Uhrzeit: 07:07:03', 'Kunde: bla bdaskd', 'Problem: kadlmölajdlö', 'Info: kkk', 'Telefonnummer: 98087654', 'Weiterleitung an: An Holger Beese weitergeleitet.', '==================================', 'Uhrzeit: 07:07:19', 'Kunde: s', 'Problem: -', 'Info: -', 'Telefonnummer: -', 'Weiterleitung an: An Mike Bosse weitergeleitet.', '==================================', 'Uhrzeit: 07:11:28', 'Kunde: dings', 'Problem: -', 'Info: -', 'Telefonnummer: -', 'Weiterleitung: An Holger Beese weitergeleitet.', '==================================', 'Uhrzeit: 07:15:26', 'Kunde: sdsd', 'Problem: -', 'Info: -', 'Telefonnummer: sdsdsdsdsdsds', 'Weiterleitung: Keine Weiterleitung', '==================================', 'Uhrzeit: 07:18:38', 'Kunde: DIngs, Bums, DIngs', 'Problem: -', 'Info: -', 'Telefonnummer: -', 'Weiterleitung: Keine Weiterleitung', '==================================', 'Uhrzeit: 07:20:30', 'Kunde: sahdfoiasdhflsadfjsalödf', 'Problem: -', 'Info: -', 'Telefonnummer: -', 'Weiterleitung: Keine Weiterleitung', '==================================', 'Uhrzeit: 07:20:36', 'Kunde: kjhg', 'Problem: ghkjg', 'Info: kjg', 'Telefonnummer: kkj', 'Weiterleitung: Keine Weiterleitung', '==================================']
=
Info: -
['Uhrzeit: 07:07:03', 'Kunde: bla bdaskd', 'Problem: kadlmölajdlö', 'Info: kkk', 'Telefonnummer: 98087654', 'Weiterleitung an: An Holger Beese weitergeleitet.', '==================================', 'Uhrzeit: 07:07:19', 'Kunde: s', 'Problem: -', 'Info: -', 'Telefonnummer: -', 'Weiterleitung an: An Mike Bosse weitergeleitet.', '==================================', 'Uhrzeit: 07:11:28', 'Kunde: dings', 'Problem: -', 'Info: -', 'Telefonnummer: -', 'Weiterleitung: An Holger Beese weitergeleitet.', '==================================', 'Uhrzeit: 07:15:26', 'Kunde: sdsd', 'Problem: -', 'Info: -', 'Telefonnummer: sdsdsdsdsdsds', 'Weiterleitung: Keine Weiterleitung', '==================================', 'Uhrzeit: 07:18:38', 'Kunde: DIngs, Bums, DIngs', 'Problem: -', 'Info: -', 'Telefonnummer: -', 'Weiterleitung: Keine Weiterleitung', '==================================', 'Uhrzeit: 07:20:30', 'Kunde: sahdfoiasdhflsadfjsalödf', 'Problem: -', 'Info: -', 'Telefonnummer: -', 'Weiterleitung: Keine Weiterleitung', '==================================', 'Uhrzeit: 07:20:36', 'Kunde: kjhg', 'Problem: ghkjg', 'Info: kjg', 'Telefonnummer: kkj', 'Weiterleitung: Keine Weiterleitung', '==================================']
=
Telefonnummer: -
['Uhrzeit: 07:07:03', 'Kunde: bla bdaskd', 'Problem: kadlmölajdlö', 'Info: kkk', 'Telefonnummer: 98087654', 'Weiterleitung an: An Holger Beese weitergeleitet.', '==================================', 'Uhrzeit: 07:07:19', 'Kunde: s', 'Problem: -', 'Info: -', 'Telefonnummer: -', 'Weiterleitung an: An Mike Bosse weitergeleitet.', '==================================', 'Uhrzeit: 07:11:28', 'Kunde: dings', 'Problem: -', 'Info: -', 'Telefonnummer: -', 'Weiterleitung: An Holger Beese weitergeleitet.', '==================================', 'Uhrzeit: 07:15:26', 'Kunde: sdsd', 'Problem: -', 'Info: -', 'Telefonnummer: sdsdsdsdsdsds', 'Weiterleitung: Keine Weiterleitung', '==================================', 'Uhrzeit: 07:18:38', 'Kunde: DIngs, Bums, DIngs', 'Problem: -', 'Info: -', 'Telefonnummer: -', 'Weiterleitung: Keine Weiterleitung', '==================================', 'Uhrzeit: 07:20:30', 'Kunde: sahdfoiasdhflsadfjsalödf', 'Problem: -', 'Info: -', 'Telefonnummer: -', 'Weiterleitung: Keine Weiterleitung', '==================================', 'Uhrzeit: 07:20:36', 'Kunde: kjhg', 'Problem: ghkjg', 'Info: kjg', 'Telefonnummer: kkj', 'Weiterleitung: Keine Weiterleitung', '==================================']
=
Weiterleitung: An Holger Beese weitergeleitet.
['Uhrzeit: 07:07:03', 'Kunde: bla bdaskd', 'Problem: kadlmölajdlö', 'Info: kkk', 'Telefonnummer: 98087654', 'Weiterleitung an: An Holger Beese weitergeleitet.', '==================================', 'Uhrzeit: 07:07:19', 'Kunde: s', 'Problem: -', 'Info: -', 'Telefonnummer: -', 'Weiterleitung an: An Mike Bosse weitergeleitet.', '==================================', 'Uhrzeit: 07:11:28', 'Kunde: dings', 'Problem: -', 'Info: -', 'Telefonnummer: -', 'Weiterleitung: An Holger Beese weitergeleitet.', '==================================', 'Uhrzeit: 07:15:26', 'Kunde: sdsd', 'Problem: -', 'Info: -', 'Telefonnummer: sdsdsdsdsdsds', 'Weiterleitung: Keine Weiterleitung', '==================================', 'Uhrzeit: 07:18:38', 'Kunde: DIngs, Bums, DIngs', 'Problem: -', 'Info: -', 'Telefonnummer: -', 'Weiterleitung: Keine Weiterleitung', '==================================', 'Uhrzeit: 07:20:30', 'Kunde: sahdfoiasdhflsadfjsalödf', 'Problem: -', 'Info: -', 'Telefonnummer: -', 'Weiterleitung: Keine Weiterleitung', '==================================', 'Uhrzeit: 07:20:36', 'Kunde: kjhg', 'Problem: ghkjg', 'Info: kjg', 'Telefonnummer: kkj', 'Weiterleitung: Keine Weiterleitung', '==================================']
=
==================================
['Uhrzeit: 07:07:03', 'Kunde: bla bdaskd', 'Problem: kadlmölajdlö', 'Info: kkk', 'Telefonnummer: 98087654', 'Weiterleitung an: An Holger Beese weitergeleitet.', '==================================', 'Uhrzeit: 07:07:19', 'Kunde: s', 'Problem: -', 'Info: -', 'Telefonnummer: -', 'Weiterleitung an: An Mike Bosse weitergeleitet.', '==================================', 'Uhrzeit: 07:11:28', 'Kunde: dings', 'Problem: -', 'Info: -', 'Telefonnummer: -', 'Weiterleitung: An Holger Beese weitergeleitet.', '==================================', 'Uhrzeit: 07:15:26', 'Kunde: sdsd', 'Problem: -', 'Info: -', 'Telefonnummer: sdsdsdsdsdsds', 'Weiterleitung: Keine Weiterleitung', '==================================', 'Uhrzeit: 07:18:38', 'Kunde: DIngs, Bums, DIngs', 'Problem: -', 'Info: -', 'Telefonnummer: -', 'Weiterleitung: Keine Weiterleitung', '==================================', 'Uhrzeit: 07:20:30', 'Kunde: sahdfoiasdhflsadfjsalödf', 'Problem: -', 'Info: -', 'Telefonnummer: -', 'Weiterleitung: Keine Weiterleitung', '==================================', 'Uhrzeit: 07:20:36', 'Kunde: kjhg', 'Problem: ghkjg', 'Info: kjg', 'Telefonnummer: kkj', 'Weiterleitung: Keine Weiterleitung', '==================================']
=
Uhrzeit: 07:15:26
['Uhrzeit: 07:07:03', 'Kunde: bla bdaskd', 'Problem: kadlmölajdlö', 'Info: kkk', 'Telefonnummer: 98087654', 'Weiterleitung an: An Holger Beese weitergeleitet.', '==================================', 'Uhrzeit: 07:07:19', 'Kunde: s', 'Problem: -', 'Info: -', 'Telefonnummer: -', 'Weiterleitung an: An Mike Bosse weitergeleitet.', '==================================', 'Uhrzeit: 07:11:28', 'Kunde: dings', 'Problem: -', 'Info: -', 'Telefonnummer: -', 'Weiterleitung: An Holger Beese weitergeleitet.', '==================================', 'Uhrzeit: 07:15:26', 'Kunde: sdsd', 'Problem: -', 'Info: -', 'Telefonnummer: sdsdsdsdsdsds', 'Weiterleitung: Keine Weiterleitung', '==================================', 'Uhrzeit: 07:18:38', 'Kunde: DIngs, Bums, DIngs', 'Problem: -', 'Info: -', 'Telefonnummer: -', 'Weiterleitung: Keine Weiterleitung', '==================================', 'Uhrzeit: 07:20:30', 'Kunde: sahdfoiasdhflsadfjsalödf', 'Problem: -', 'Info: -', 'Telefonnummer: -', 'Weiterleitung: Keine Weiterleitung', '==================================', 'Uhrzeit: 07:20:36', 'Kunde: kjhg', 'Problem: ghkjg', 'Info: kjg', 'Telefonnummer: kkj', 'Weiterleitung: Keine Weiterleitung', '==================================']
=
Kunde: sdsd
['Uhrzeit: 07:07:03', 'Kunde: bla bdaskd', 'Problem: kadlmölajdlö', 'Info: kkk', 'Telefonnummer: 98087654', 'Weiterleitung an: An Holger Beese weitergeleitet.', '==================================', 'Uhrzeit: 07:07:19', 'Kunde: s', 'Problem: -', 'Info: -', 'Telefonnummer: -', 'Weiterleitung an: An Mike Bosse weitergeleitet.', '==================================', 'Uhrzeit: 07:11:28', 'Kunde: dings', 'Problem: -', 'Info: -', 'Telefonnummer: -', 'Weiterleitung: An Holger Beese weitergeleitet.', '==================================', 'Uhrzeit: 07:15:26', 'Kunde: sdsd', 'Problem: -', 'Info: -', 'Telefonnummer: sdsdsdsdsdsds', 'Weiterleitung: Keine Weiterleitung', '==================================', 'Uhrzeit: 07:18:38', 'Kunde: DIngs, Bums, DIngs', 'Problem: -', 'Info: -', 'Telefonnummer: -', 'Weiterleitung: Keine Weiterleitung', '==================================', 'Uhrzeit: 07:20:30', 'Kunde: sahdfoiasdhflsadfjsalödf', 'Problem: -', 'Info: -', 'Telefonnummer: -', 'Weiterleitung: Keine Weiterleitung', '==================================', 'Uhrzeit: 07:20:36', 'Kunde: kjhg', 'Problem: ghkjg', 'Info: kjg', 'Telefonnummer: kkj', 'Weiterleitung: Keine Weiterleitung', '==================================']
=
Problem: -
['Uhrzeit: 07:07:03', 'Kunde: bla bdaskd', 'Problem: kadlmölajdlö', 'Info: kkk', 'Telefonnummer: 98087654', 'Weiterleitung an: An Holger Beese weitergeleitet.', '==================================', 'Uhrzeit: 07:07:19', 'Kunde: s', 'Problem: -', 'Info: -', 'Telefonnummer: -', 'Weiterleitung an: An Mike Bosse weitergeleitet.', '==================================', 'Uhrzeit: 07:11:28', 'Kunde: dings', 'Problem: -', 'Info: -', 'Telefonnummer: -', 'Weiterleitung: An Holger Beese weitergeleitet.', '==================================', 'Uhrzeit: 07:15:26', 'Kunde: sdsd', 'Problem: -', 'Info: -', 'Telefonnummer: sdsdsdsdsdsds', 'Weiterleitung: Keine Weiterleitung', '==================================', 'Uhrzeit: 07:18:38', 'Kunde: DIngs, Bums, DIngs', 'Problem: -', 'Info: -', 'Telefonnummer: -', 'Weiterleitung: Keine Weiterleitung', '==================================', 'Uhrzeit: 07:20:30', 'Kunde: sahdfoiasdhflsadfjsalödf', 'Problem: -', 'Info: -', 'Telefonnummer: -', 'Weiterleitung: Keine Weiterleitung', '==================================', 'Uhrzeit: 07:20:36', 'Kunde: kjhg', 'Problem: ghkjg', 'Info: kjg', 'Telefonnummer: kkj', 'Weiterleitung: Keine Weiterleitung', '==================================']
=
Info: -
['Uhrzeit: 07:07:03', 'Kunde: bla bdaskd', 'Problem: kadlmölajdlö', 'Info: kkk', 'Telefonnummer: 98087654', 'Weiterleitung an: An Holger Beese weitergeleitet.', '==================================', 'Uhrzeit: 07:07:19', 'Kunde: s', 'Problem: -', 'Info: -', 'Telefonnummer: -', 'Weiterleitung an: An Mike Bosse weitergeleitet.', '==================================', 'Uhrzeit: 07:11:28', 'Kunde: dings', 'Problem: -', 'Info: -', 'Telefonnummer: -', 'Weiterleitung: An Holger Beese weitergeleitet.', '==================================', 'Uhrzeit: 07:15:26', 'Kunde: sdsd', 'Problem: -', 'Info: -', 'Telefonnummer: sdsdsdsdsdsds', 'Weiterleitung: Keine Weiterleitung', '==================================', 'Uhrzeit: 07:18:38', 'Kunde: DIngs, Bums, DIngs', 'Problem: -', 'Info: -', 'Telefonnummer: -', 'Weiterleitung: Keine Weiterleitung', '==================================', 'Uhrzeit: 07:20:30', 'Kunde: sahdfoiasdhflsadfjsalödf', 'Problem: -', 'Info: -', 'Telefonnummer: -', 'Weiterleitung: Keine Weiterleitung', '==================================', 'Uhrzeit: 07:20:36', 'Kunde: kjhg', 'Problem: ghkjg', 'Info: kjg', 'Telefonnummer: kkj', 'Weiterleitung: Keine Weiterleitung', '==================================']
=
Telefonnummer: sdsdsdsdsdsds
['Uhrzeit: 07:07:03', 'Kunde: bla bdaskd', 'Problem: kadlmölajdlö', 'Info: kkk', 'Telefonnummer: 98087654', 'Weiterleitung an: An Holger Beese weitergeleitet.', '==================================', 'Uhrzeit: 07:07:19', 'Kunde: s', 'Problem: -', 'Info: -', 'Telefonnummer: -', 'Weiterleitung an: An Mike Bosse weitergeleitet.', '==================================', 'Uhrzeit: 07:11:28', 'Kunde: dings', 'Problem: -', 'Info: -', 'Telefonnummer: -', 'Weiterleitung: An Holger Beese weitergeleitet.', '==================================', 'Uhrzeit: 07:15:26', 'Kunde: sdsd', 'Problem: -', 'Info: -', 'Telefonnummer: sdsdsdsdsdsds', 'Weiterleitung: Keine Weiterleitung', '==================================', 'Uhrzeit: 07:18:38', 'Kunde: DIngs, Bums, DIngs', 'Problem: -', 'Info: -', 'Telefonnummer: -', 'Weiterleitung: Keine Weiterleitung', '==================================', 'Uhrzeit: 07:20:30', 'Kunde: sahdfoiasdhflsadfjsalödf', 'Problem: -', 'Info: -', 'Telefonnummer: -', 'Weiterleitung: Keine Weiterleitung', '==================================', 'Uhrzeit: 07:20:36', 'Kunde: kjhg', 'Problem: ghkjg', 'Info: kjg', 'Telefonnummer: kkj', 'Weiterleitung: Keine Weiterleitung', '==================================']
=
Weiterleitung: Keine Weiterleitung
['Uhrzeit: 07:07:03', 'Kunde: bla bdaskd', 'Problem: kadlmölajdlö', 'Info: kkk', 'Telefonnummer: 98087654', 'Weiterleitung an: An Holger Beese weitergeleitet.', '==================================', 'Uhrzeit: 07:07:19', 'Kunde: s', 'Problem: -', 'Info: -', 'Telefonnummer: -', 'Weiterleitung an: An Mike Bosse weitergeleitet.', '==================================', 'Uhrzeit: 07:11:28', 'Kunde: dings', 'Problem: -', 'Info: -', 'Telefonnummer: -', 'Weiterleitung: An Holger Beese weitergeleitet.', '==================================', 'Uhrzeit: 07:15:26', 'Kunde: sdsd', 'Problem: -', 'Info: -', 'Telefonnummer: sdsdsdsdsdsds', 'Weiterleitung: Keine Weiterleitung', '==================================', 'Uhrzeit: 07:18:38', 'Kunde: DIngs, Bums, DIngs', 'Problem: -', 'Info: -', 'Telefonnummer: -', 'Weiterleitung: Keine Weiterleitung', '==================================', 'Uhrzeit: 07:20:30', 'Kunde: sahdfoiasdhflsadfjsalödf', 'Problem: -', 'Info: -', 'Telefonnummer: -', 'Weiterleitung: Keine Weiterleitung', '==================================', 'Uhrzeit: 07:20:36', 'Kunde: kjhg', 'Problem: ghkjg', 'Info: kjg', 'Telefonnummer: kkj', 'Weiterleitung: Keine Weiterleitung', '==================================']
=
==================================
['Uhrzeit: 07:07:03', 'Kunde: bla bdaskd', 'Problem: kadlmölajdlö', 'Info: kkk', 'Telefonnummer: 98087654', 'Weiterleitung an: An Holger Beese weitergeleitet.', '==================================', 'Uhrzeit: 07:07:19', 'Kunde: s', 'Problem: -', 'Info: -', 'Telefonnummer: -', 'Weiterleitung an: An Mike Bosse weitergeleitet.', '==================================', 'Uhrzeit: 07:11:28', 'Kunde: dings', 'Problem: -', 'Info: -', 'Telefonnummer: -', 'Weiterleitung: An Holger Beese weitergeleitet.', '==================================', 'Uhrzeit: 07:15:26', 'Kunde: sdsd', 'Problem: -', 'Info: -', 'Telefonnummer: sdsdsdsdsdsds', 'Weiterleitung: Keine Weiterleitung', '==================================', 'Uhrzeit: 07:18:38', 'Kunde: DIngs, Bums, DIngs', 'Problem: -', 'Info: -', 'Telefonnummer: -', 'Weiterleitung: Keine Weiterleitung', '==================================', 'Uhrzeit: 07:20:30', 'Kunde: sahdfoiasdhflsadfjsalödf', 'Problem: -', 'Info: -', 'Telefonnummer: -', 'Weiterleitung: Keine Weiterleitung', '==================================', 'Uhrzeit: 07:20:36', 'Kunde: kjhg', 'Problem: ghkjg', 'Info: kjg', 'Telefonnummer: kkj', 'Weiterleitung: Keine Weiterleitung', '==================================']
=
Uhrzeit: 07:18:38
['Uhrzeit: 07:07:03', 'Kunde: bla bdaskd', 'Problem: kadlmölajdlö', 'Info: kkk', 'Telefonnummer: 98087654', 'Weiterleitung an: An Holger Beese weitergeleitet.', '==================================', 'Uhrzeit: 07:07:19', 'Kunde: s', 'Problem: -', 'Info: -', 'Telefonnummer: -', 'Weiterleitung an: An Mike Bosse weitergeleitet.', '==================================', 'Uhrzeit: 07:11:28', 'Kunde: dings', 'Problem: -', 'Info: -', 'Telefonnummer: -', 'Weiterleitung: An Holger Beese weitergeleitet.', '==================================', 'Uhrzeit: 07:15:26', 'Kunde: sdsd', 'Problem: -', 'Info: -', 'Telefonnummer: sdsdsdsdsdsds', 'Weiterleitung: Keine Weiterleitung', '==================================', 'Uhrzeit: 07:18:38', 'Kunde: DIngs, Bums, DIngs', 'Problem: -', 'Info: -', 'Telefonnummer: -', 'Weiterleitung: Keine Weiterleitung', '==================================', 'Uhrzeit: 07:20:30', 'Kunde: sahdfoiasdhflsadfjsalödf', 'Problem: -', 'Info: -', 'Telefonnummer: -', 'Weiterleitung: Keine Weiterleitung', '==================================', 'Uhrzeit: 07:20:36', 'Kunde: kjhg', 'Problem: ghkjg', 'Info: kjg', 'Telefonnummer: kkj', 'Weiterleitung: Keine Weiterleitung', '==================================']
=
Kunde: DIngs, Bums, DIngs
['Uhrzeit: 07:07:03', 'Kunde: bla bdaskd', 'Problem: kadlmölajdlö', 'Info: kkk', 'Telefonnummer: 98087654', 'Weiterleitung an: An Holger Beese weitergeleitet.', '==================================', 'Uhrzeit: 07:07:19', 'Kunde: s', 'Problem: -', 'Info: -', 'Telefonnummer: -', 'Weiterleitung an: An Mike Bosse weitergeleitet.', '==================================', 'Uhrzeit: 07:11:28', 'Kunde: dings', 'Problem: -', 'Info: -', 'Telefonnummer: -', 'Weiterleitung: An Holger Beese weitergeleitet.', '==================================', 'Uhrzeit: 07:15:26', 'Kunde: sdsd', 'Problem: -', 'Info: -', 'Telefonnummer: sdsdsdsdsdsds', 'Weiterleitung: Keine Weiterleitung', '==================================', 'Uhrzeit: 07:18:38', 'Kunde: DIngs, Bums, DIngs', 'Problem: -', 'Info: -', 'Telefonnummer: -', 'Weiterleitung: Keine Weiterleitung', '==================================', 'Uhrzeit: 07:20:30', 'Kunde: sahdfoiasdhflsadfjsalödf', 'Problem: -', 'Info: -', 'Telefonnummer: -', 'Weiterleitung: Keine Weiterleitung', '==================================', 'Uhrzeit: 07:20:36', 'Kunde: kjhg', 'Problem: ghkjg', 'Info: kjg', 'Telefonnummer: kkj', 'Weiterleitung: Keine Weiterleitung', '==================================']
=
Problem: -
['Uhrzeit: 07:07:03', 'Kunde: bla bdaskd', 'Problem: kadlmölajdlö', 'Info: kkk', 'Telefonnummer: 98087654', 'Weiterleitung an: An Holger Beese weitergeleitet.', '==================================', 'Uhrzeit: 07:07:19', 'Kunde: s', 'Problem: -', 'Info: -', 'Telefonnummer: -', 'Weiterleitung an: An Mike Bosse weitergeleitet.', '==================================', 'Uhrzeit: 07:11:28', 'Kunde: dings', 'Problem: -', 'Info: -', 'Telefonnummer: -', 'Weiterleitung: An Holger Beese weitergeleitet.', '==================================', 'Uhrzeit: 07:15:26', 'Kunde: sdsd', 'Problem: -', 'Info: -', 'Telefonnummer: sdsdsdsdsdsds', 'Weiterleitung: Keine Weiterleitung', '==================================', 'Uhrzeit: 07:18:38', 'Kunde: DIngs, Bums, DIngs', 'Problem: -', 'Info: -', 'Telefonnummer: -', 'Weiterleitung: Keine Weiterleitung', '==================================', 'Uhrzeit: 07:20:30', 'Kunde: sahdfoiasdhflsadfjsalödf', 'Problem: -', 'Info: -', 'Telefonnummer: -', 'Weiterleitung: Keine Weiterleitung', '==================================', 'Uhrzeit: 07:20:36', 'Kunde: kjhg', 'Problem: ghkjg', 'Info: kjg', 'Telefonnummer: kkj', 'Weiterleitung: Keine Weiterleitung', '==================================']
=
Info: -
['Uhrzeit: 07:07:03', 'Kunde: bla bdaskd', 'Problem: kadlmölajdlö', 'Info: kkk', 'Telefonnummer: 98087654', 'Weiterleitung an: An Holger Beese weitergeleitet.', '==================================', 'Uhrzeit: 07:07:19', 'Kunde: s', 'Problem: -', 'Info: -', 'Telefonnummer: -', 'Weiterleitung an: An Mike Bosse weitergeleitet.', '==================================', 'Uhrzeit: 07:11:28', 'Kunde: dings', 'Problem: -', 'Info: -', 'Telefonnummer: -', 'Weiterleitung: An Holger Beese weitergeleitet.', '==================================', 'Uhrzeit: 07:15:26', 'Kunde: sdsd', 'Problem: -', 'Info: -', 'Telefonnummer: sdsdsdsdsdsds', 'Weiterleitung: Keine Weiterleitung', '==================================', 'Uhrzeit: 07:18:38', 'Kunde: DIngs, Bums, DIngs', 'Problem: -', 'Info: -', 'Telefonnummer: -', 'Weiterleitung: Keine Weiterleitung', '==================================', 'Uhrzeit: 07:20:30', 'Kunde: sahdfoiasdhflsadfjsalödf', 'Problem: -', 'Info: -', 'Telefonnummer: -', 'Weiterleitung: Keine Weiterleitung', '==================================', 'Uhrzeit: 07:20:36', 'Kunde: kjhg', 'Problem: ghkjg', 'Info: kjg', 'Telefonnummer: kkj', 'Weiterleitung: Keine Weiterleitung', '==================================']
=
Telefonnummer: -
['Uhrzeit: 07:07:03', 'Kunde: bla bdaskd', 'Problem: kadlmölajdlö', 'Info: kkk', 'Telefonnummer: 98087654', 'Weiterleitung an: An Holger Beese weitergeleitet.', '==================================', 'Uhrzeit: 07:07:19', 'Kunde: s', 'Problem: -', 'Info: -', 'Telefonnummer: -', 'Weiterleitung an: An Mike Bosse weitergeleitet.', '==================================', 'Uhrzeit: 07:11:28', 'Kunde: dings', 'Problem: -', 'Info: -', 'Telefonnummer: -', 'Weiterleitung: An Holger Beese weitergeleitet.', '==================================', 'Uhrzeit: 07:15:26', 'Kunde: sdsd', 'Problem: -', 'Info: -', 'Telefonnummer: sdsdsdsdsdsds', 'Weiterleitung: Keine Weiterleitung', '==================================', 'Uhrzeit: 07:18:38', 'Kunde: DIngs, Bums, DIngs', 'Problem: -', 'Info: -', 'Telefonnummer: -', 'Weiterleitung: Keine Weiterleitung', '==================================', 'Uhrzeit: 07:20:30', 'Kunde: sahdfoiasdhflsadfjsalödf', 'Problem: -', 'Info: -', 'Telefonnummer: -', 'Weiterleitung: Keine Weiterleitung', '==================================', 'Uhrzeit: 07:20:36', 'Kunde: kjhg', 'Problem: ghkjg', 'Info: kjg', 'Telefonnummer: kkj', 'Weiterleitung: Keine Weiterleitung', '==================================']
=
Weiterleitung: Keine Weiterleitung
['Uhrzeit: 07:07:03', 'Kunde: bla bdaskd', 'Problem: kadlmölajdlö', 'Info: kkk', 'Telefonnummer: 98087654', 'Weiterleitung an: An Holger Beese weitergeleitet.', '==================================', 'Uhrzeit: 07:07:19', 'Kunde: s', 'Problem: -', 'Info: -', 'Telefonnummer: -', 'Weiterleitung an: An Mike Bosse weitergeleitet.', '==================================', 'Uhrzeit: 07:11:28', 'Kunde: dings', 'Problem: -', 'Info: -', 'Telefonnummer: -', 'Weiterleitung: An Holger Beese weitergeleitet.', '==================================', 'Uhrzeit: 07:15:26', 'Kunde: sdsd', 'Problem: -', 'Info: -', 'Telefonnummer: sdsdsdsdsdsds', 'Weiterleitung: Keine Weiterleitung', '==================================', 'Uhrzeit: 07:18:38', 'Kunde: DIngs, Bums, DIngs', 'Problem: -', 'Info: -', 'Telefonnummer: -', 'Weiterleitung: Keine Weiterleitung', '==================================', 'Uhrzeit: 07:20:30', 'Kunde: sahdfoiasdhflsadfjsalödf', 'Problem: -', 'Info: -', 'Telefonnummer: -', 'Weiterleitung: Keine Weiterleitung', '==================================', 'Uhrzeit: 07:20:36', 'Kunde: kjhg', 'Problem: ghkjg', 'Info: kjg', 'Telefonnummer: kkj', 'Weiterleitung: Keine Weiterleitung', '==================================']
=
==================================
['Uhrzeit: 07:07:03', 'Kunde: bla bdaskd', 'Problem: kadlmölajdlö', 'Info: kkk', 'Telefonnummer: 98087654', 'Weiterleitung an: An Holger Beese weitergeleitet.', '==================================', 'Uhrzeit: 07:07:19', 'Kunde: s', 'Problem: -', 'Info: -', 'Telefonnummer: -', 'Weiterleitung an: An Mike Bosse weitergeleitet.', '==================================', 'Uhrzeit: 07:11:28', 'Kunde: dings', 'Problem: -', 'Info: -', 'Telefonnummer: -', 'Weiterleitung: An Holger Beese weitergeleitet.', '==================================', 'Uhrzeit: 07:15:26', 'Kunde: sdsd', 'Problem: -', 'Info: -', 'Telefonnummer: sdsdsdsdsdsds', 'Weiterleitung: Keine Weiterleitung', '==================================', 'Uhrzeit: 07:18:38', 'Kunde: DIngs, Bums, DIngs', 'Problem: -', 'Info: -', 'Telefonnummer: -', 'Weiterleitung: Keine Weiterleitung', '==================================', 'Uhrzeit: 07:20:30', 'Kunde: sahdfoiasdhflsadfjsalödf', 'Problem: -', 'Info: -', 'Telefonnummer: -', 'Weiterleitung: Keine Weiterleitung', '==================================', 'Uhrzeit: 07:20:36', 'Kunde: kjhg', 'Problem: ghkjg', 'Info: kjg', 'Telefonnummer: kkj', 'Weiterleitung: Keine Weiterleitung', '==================================']
=
Uhrzeit: 07:20:30
['Uhrzeit: 07:07:03', 'Kunde: bla bdaskd', 'Problem: kadlmölajdlö', 'Info: kkk', 'Telefonnummer: 98087654', 'Weiterleitung an: An Holger Beese weitergeleitet.', '==================================', 'Uhrzeit: 07:07:19', 'Kunde: s', 'Problem: -', 'Info: -', 'Telefonnummer: -', 'Weiterleitung an: An Mike Bosse weitergeleitet.', '==================================', 'Uhrzeit: 07:11:28', 'Kunde: dings', 'Problem: -', 'Info: -', 'Telefonnummer: -', 'Weiterleitung: An Holger Beese weitergeleitet.', '==================================', 'Uhrzeit: 07:15:26', 'Kunde: sdsd', 'Problem: -', 'Info: -', 'Telefonnummer: sdsdsdsdsdsds', 'Weiterleitung: Keine Weiterleitung', '==================================', 'Uhrzeit: 07:18:38', 'Kunde: DIngs, Bums, DIngs', 'Problem: -', 'Info: -', 'Telefonnummer: -', 'Weiterleitung: Keine Weiterleitung', '==================================', 'Uhrzeit: 07:20:30', 'Kunde: sahdfoiasdhflsadfjsalödf', 'Problem: -', 'Info: -', 'Telefonnummer: -', 'Weiterleitung: Keine Weiterleitung', '==================================', 'Uhrzeit: 07:20:36', 'Kunde: kjhg', 'Problem: ghkjg', 'Info: kjg', 'Telefonnummer: kkj', 'Weiterleitung: Keine Weiterleitung', '==================================']
=
Kunde: sahdfoiasdhflsadfjsalödf
['Uhrzeit: 07:07:03', 'Kunde: bla bdaskd', 'Problem: kadlmölajdlö', 'Info: kkk', 'Telefonnummer: 98087654', 'Weiterleitung an: An Holger Beese weitergeleitet.', '==================================', 'Uhrzeit: 07:07:19', 'Kunde: s', 'Problem: -', 'Info: -', 'Telefonnummer: -', 'Weiterleitung an: An Mike Bosse weitergeleitet.', '==================================', 'Uhrzeit: 07:11:28', 'Kunde: dings', 'Problem: -', 'Info: -', 'Telefonnummer: -', 'Weiterleitung: An Holger Beese weitergeleitet.', '==================================', 'Uhrzeit: 07:15:26', 'Kunde: sdsd', 'Problem: -', 'Info: -', 'Telefonnummer: sdsdsdsdsdsds', 'Weiterleitung: Keine Weiterleitung', '==================================', 'Uhrzeit: 07:18:38', 'Kunde: DIngs, Bums, DIngs', 'Problem: -', 'Info: -', 'Telefonnummer: -', 'Weiterleitung: Keine Weiterleitung', '==================================', 'Uhrzeit: 07:20:30', 'Kunde: sahdfoiasdhflsadfjsalödf', 'Problem: -', 'Info: -', 'Telefonnummer: -', 'Weiterleitung: Keine Weiterleitung', '==================================', 'Uhrzeit: 07:20:36', 'Kunde: kjhg', 'Problem: ghkjg', 'Info: kjg', 'Telefonnummer: kkj', 'Weiterleitung: Keine Weiterleitung', '==================================']
=
Problem: -
['Uhrzeit: 07:07:03', 'Kunde: bla bdaskd', 'Problem: kadlmölajdlö', 'Info: kkk', 'Telefonnummer: 98087654', 'Weiterleitung an: An Holger Beese weitergeleitet.', '==================================', 'Uhrzeit: 07:07:19', 'Kunde: s', 'Problem: -', 'Info: -', 'Telefonnummer: -', 'Weiterleitung an: An Mike Bosse weitergeleitet.', '==================================', 'Uhrzeit: 07:11:28', 'Kunde: dings', 'Problem: -', 'Info: -', 'Telefonnummer: -', 'Weiterleitung: An Holger Beese weitergeleitet.', '==================================', 'Uhrzeit: 07:15:26', 'Kunde: sdsd', 'Problem: -', 'Info: -', 'Telefonnummer: sdsdsdsdsdsds', 'Weiterleitung: Keine Weiterleitung', '==================================', 'Uhrzeit: 07:18:38', 'Kunde: DIngs, Bums, DIngs', 'Problem: -', 'Info: -', 'Telefonnummer: -', 'Weiterleitung: Keine Weiterleitung', '==================================', 'Uhrzeit: 07:20:30', 'Kunde: sahdfoiasdhflsadfjsalödf', 'Problem: -', 'Info: -', 'Telefonnummer: -', 'Weiterleitung: Keine Weiterleitung', '==================================', 'Uhrzeit: 07:20:36', 'Kunde: kjhg', 'Problem: ghkjg', 'Info: kjg', 'Telefonnummer: kkj', 'Weiterleitung: Keine Weiterleitung', '==================================']
=
Info: -
['Uhrzeit: 07:07:03', 'Kunde: bla bdaskd', 'Problem: kadlmölajdlö', 'Info: kkk', 'Telefonnummer: 98087654', 'Weiterleitung an: An Holger Beese weitergeleitet.', '==================================', 'Uhrzeit: 07:07:19', 'Kunde: s', 'Problem: -', 'Info: -', 'Telefonnummer: -', 'Weiterleitung an: An Mike Bosse weitergeleitet.', '==================================', 'Uhrzeit: 07:11:28', 'Kunde: dings', 'Problem: -', 'Info: -', 'Telefonnummer: -', 'Weiterleitung: An Holger Beese weitergeleitet.', '==================================', 'Uhrzeit: 07:15:26', 'Kunde: sdsd', 'Problem: -', 'Info: -', 'Telefonnummer: sdsdsdsdsdsds', 'Weiterleitung: Keine Weiterleitung', '==================================', 'Uhrzeit: 07:18:38', 'Kunde: DIngs, Bums, DIngs', 'Problem: -', 'Info: -', 'Telefonnummer: -', 'Weiterleitung: Keine Weiterleitung', '==================================', 'Uhrzeit: 07:20:30', 'Kunde: sahdfoiasdhflsadfjsalödf', 'Problem: -', 'Info: -', 'Telefonnummer: -', 'Weiterleitung: Keine Weiterleitung', '==================================', 'Uhrzeit: 07:20:36', 'Kunde: kjhg', 'Problem: ghkjg', 'Info: kjg', 'Telefonnummer: kkj', 'Weiterleitung: Keine Weiterleitung', '==================================']
=
Telefonnummer: -
['Uhrzeit: 07:07:03', 'Kunde: bla bdaskd', 'Problem: kadlmölajdlö', 'Info: kkk', 'Telefonnummer: 98087654', 'Weiterleitung an: An Holger Beese weitergeleitet.', '==================================', 'Uhrzeit: 07:07:19', 'Kunde: s', 'Problem: -', 'Info: -', 'Telefonnummer: -', 'Weiterleitung an: An Mike Bosse weitergeleitet.', '==================================', 'Uhrzeit: 07:11:28', 'Kunde: dings', 'Problem: -', 'Info: -', 'Telefonnummer: -', 'Weiterleitung: An Holger Beese weitergeleitet.', '==================================', 'Uhrzeit: 07:15:26', 'Kunde: sdsd', 'Problem: -', 'Info: -', 'Telefonnummer: sdsdsdsdsdsds', 'Weiterleitung: Keine Weiterleitung', '==================================', 'Uhrzeit: 07:18:38', 'Kunde: DIngs, Bums, DIngs', 'Problem: -', 'Info: -', 'Telefonnummer: -', 'Weiterleitung: Keine Weiterleitung', '==================================', 'Uhrzeit: 07:20:30', 'Kunde: sahdfoiasdhflsadfjsalödf', 'Problem: -', 'Info: -', 'Telefonnummer: -', 'Weiterleitung: Keine Weiterleitung', '==================================', 'Uhrzeit: 07:20:36', 'Kunde: kjhg', 'Problem: ghkjg', 'Info: kjg', 'Telefonnummer: kkj', 'Weiterleitung: Keine Weiterleitung', '==================================']
=
Weiterleitung: Keine Weiterleitung
